18:52:49,349 DEBUG InternalLoggerFactory:89 - Using Log4J as the default logging framework
18:52:49,355 DEBUG ResourceLeakDetector:129 - -Dio.netty.leakDetection.level: simple
18:52:49,355 DEBUG ResourceLeakDetector:130 - -Dio.netty.leakDetection.targetRecords: 4
18:52:49,359 DEBUG ResourceLeakDetectorFactory:196 - Loaded default ResourceLeakDetector: io.netty.util.ResourceLeakDetector@5fb72137
18:52:49,373 DEBUG PlatformDependent0:496 - -Dio.netty.noUnsafe: false
18:52:49,373 DEBUG PlatformDependent0:1000 - Java version: 8
18:52:49,374 DEBUG PlatformDependent0:137 - sun.misc.Unsafe.theUnsafe: available
18:52:49,374 DEBUG PlatformDependent0:161 - sun.misc.Unsafe.copyMemory: available
18:52:49,375 DEBUG PlatformDependent0:193 - sun.misc.Unsafe.storeFence: available
18:52:49,375 DEBUG PlatformDependent0:236 - java.nio.Buffer.address: available
18:52:49,375 DEBUG PlatformDependent0:307 - direct buffer constructor: available
18:52:49,376 DEBUG PlatformDependent0:385 - java.nio.Bits.unaligned: available, true
18:52:49,376 DEBUG PlatformDependent0:459 - jdk.internal.misc.Unsafe.allocateUninitializedArray(int): unavailable prior to Java9
18:52:49,376 DEBUG PlatformDependent0:482 - java.nio.DirectByteBuffer.<init>(long, int): available
18:52:49,376 DEBUG PlatformDependent:1159 - sun.misc.Unsafe: available
18:52:49,376 DEBUG PlatformDependent:1289 - -Dio.netty.tmpdir: C:\Users\SCHOUD~1\AppData\Local\Temp (java.io.tmpdir)
18:52:49,377 DEBUG PlatformDependent:1368 - -Dio.netty.bitMode: 64 (sun.arch.data.model)
18:52:49,378 DEBUG PlatformDependent:1119 - Platform: Windows
18:52:49,378 DEBUG PlatformDependent:178 - -Dio.netty.maxDirectMemory: 3745513472 bytes
18:52:49,379 DEBUG PlatformDependent:185 - -Dio.netty.uninitializedArrayAllocationThreshold: -1
18:52:49,379 DEBUG CleanerJava6:92 - java.nio.ByteBuffer.cleaner(): available
18:52:49,380 DEBUG PlatformDependent:205 - -Dio.netty.noPreferDirect: false
18:52:49,387 DEBUG PlatformDependent:1010 - org.jctools-core.MpscChunkedArrayQueue: available
18:52:49,402 DEBUG InternalThreadLocalMap:100 - -Dio.netty.threadLocalMap.stringBuilder.initialSize: 1024
18:52:49,403 DEBUG InternalThreadLocalMap:101 - -Dio.netty.threadLocalMap.stringBuilder.maxSize: 4096
18:52:49,707 DEBUG JdkSslContext:83 - Default protocols (JDK): [TLSv1.2] 
18:52:49,707 DEBUG JdkSslContext:84 - Default cipher suites (JDK): [TLS_ECDHE_ECDSA_WITH_AES_256_GCM_SHA384, TLS_ECDHE_ECDSA_WITH_AES_128_GCM_SHA256, TLS_ECDHE_RSA_WITH_AES_128_GCM_SHA256, TLS_ECDHE_RSA_WITH_AES_256_GCM_SHA384, TLS_ECDHE_RSA_WITH_AES_128_CBC_SHA, TLS_ECDHE_RSA_WITH_AES_256_CBC_SHA, TLS_RSA_WITH_AES_128_GCM_SHA256, TLS_RSA_WITH_AES_128_CBC_SHA, TLS_RSA_WITH_AES_256_CBC_SHA, TLS_AES_128_GCM_SHA256, TLS_AES_256_GCM_SHA384]
18:52:49,717 DEBUG GlobalEventExecutor:53 - -Dio.netty.globalEventExecutor.quietPeriodSeconds: 1
18:52:49,728 DEBUG MultithreadEventLoopGroup:44 - -Dio.netty.eventLoopThreads: 16
18:52:49,735 DEBUG NioEventLoop:110 - -Dio.netty.noKeySetOptimization: false
18:52:49,736 DEBUG NioEventLoop:111 - -Dio.netty.selectorAutoRebuildThreshold: 512
18:52:49,771 DEBUG PooledByteBufAllocator:157 - -Dio.netty.allocator.numHeapArenas: 16
18:52:49,771 DEBUG PooledByteBufAllocator:158 - -Dio.netty.allocator.numDirectArenas: 16
18:52:49,771 DEBUG PooledByteBufAllocator:160 - -Dio.netty.allocator.pageSize: 8192
18:52:49,771 DEBUG PooledByteBufAllocator:165 - -Dio.netty.allocator.maxOrder: 9
18:52:49,771 DEBUG PooledByteBufAllocator:169 - -Dio.netty.allocator.chunkSize: 4194304
18:52:49,771 DEBUG PooledByteBufAllocator:170 - -Dio.netty.allocator.smallCacheSize: 256
18:52:49,771 DEBUG PooledByteBufAllocator:171 - -Dio.netty.allocator.normalCacheSize: 64
18:52:49,771 DEBUG PooledByteBufAllocator:172 - -Dio.netty.allocator.maxCachedBufferCapacity: 32768
18:52:49,771 DEBUG PooledByteBufAllocator:173 - -Dio.netty.allocator.cacheTrimInterval: 8192
18:52:49,771 DEBUG PooledByteBufAllocator:174 - -Dio.netty.allocator.cacheTrimIntervalMillis: 0
18:52:49,771 DEBUG PooledByteBufAllocator:175 - -Dio.netty.allocator.useCacheForAllThreads: false
18:52:49,771 DEBUG PooledByteBufAllocator:176 - -Dio.netty.allocator.maxCachedByteBuffersPerChunk: 1023
18:52:49,780 DEBUG ByteBufUtil:88 - -Dio.netty.allocator.type: pooled
18:52:49,780 DEBUG ByteBufUtil:97 - -Dio.netty.threadLocalDirectBufferSize: 0
18:52:49,780 DEBUG ByteBufUtil:100 - -Dio.netty.maxThreadLocalCharBufferSize: 16384
18:52:50,054 DEBUG DefaultChannelId:79 - -Dio.netty.processId: 20912 (auto-detected)
18:52:50,056 DEBUG NetUtil:148 - -Djava.net.preferIPv4Stack: false
18:52:50,057 DEBUG NetUtil:149 - -Djava.net.preferIPv6Addresses: false
18:52:50,164 DEBUG NetUtilInitializations:145 - Loopback interface: lo (Software Loopback Interface 1, 127.0.0.1)
18:52:50,164 DEBUG NetUtil:206 - Failed to get SOMAXCONN from sysctl and file \proc\sys\net\core\somaxconn. Default: 200
18:52:50,172 DEBUG DefaultChannelId:101 - -Dio.netty.machineId: 5c:ba:ef:ff:fe:5d:68:d5 (auto-detected)
18:52:50,208 DEBUG AbstractByteBuf:63 - -Dio.netty.buffer.checkAccessible: true
18:52:50,208 DEBUG AbstractByteBuf:64 - -Dio.netty.buffer.checkBounds: true
18:52:50,209 DEBUG ResourceLeakDetectorFactory:196 - Loaded default ResourceLeakDetector: io.netty.util.ResourceLeakDetector@171400fa
18:52:50,229 DEBUG Recycler:96 - -Dio.netty.recycler.maxCapacityPerThread: 4096
18:52:50,229 DEBUG Recycler:97 - -Dio.netty.recycler.ratio: 8
18:52:50,230 DEBUG Recycler:98 - -Dio.netty.recycler.chunkSize: 32
18:52:50,230 DEBUG Recycler:99 - -Dio.netty.recycler.blocking: false
18:52:50,230 DEBUG Recycler:100 - -Dio.netty.recycler.batchFastThreadLocalOnly: true
18:52:50,869 DEBUG Brotli:38 - brotli4j not in the classpath; Brotli support will be unavailable.
18:52:50,955 DEBUG ThreadLocalRandom:214 - -Dio.netty.initialSeedUniquifier: 0xf4ab90a02cd18826
18:52:50,991  INFO devpinoyLogger:55 - Chrome browser opened
18:52:51,135  INFO devpinoyLogger:91 - browser is maximised
18:52:51,148  INFO devpinoyLogger:93 - cookies cleared
18:53:02,521  INFO devpinoyLogger:99 - https://member-dev.smartac.com/login/ app opened
